The system is: Linux - 3.13.0-79-generic - x86_64
Compiling the C compiler identification source file "CMakeCCompilerId.c" succeeded.
Compiler: /usr/bin/cc 
Build flags: 
Id flags: 

The output was:
0


Compilation of the C compiler identification source "CMakeCCompilerId.c" produced "a.out"

The C compiler identification is GNU, found in "/home/june/ClionProjects/interactive_learning_object/tracker/build/CMakeFiles/2.8.12.2/CompilerIdC/a.out"

Compiling the CXX compiler identification source file "CMakeCXXCompilerId.cpp" succeeded.
Compiler: /usr/bin/c++ 
Build flags: 
Id flags: 

The output was:
0


Compilation of the CXX compiler identification source "CMakeCXXCompilerId.cpp" produced "a.out"

The CXX compiler identification is GNU, found in "/home/june/ClionProjects/interactive_learning_object/tracker/build/CMakeFiles/2.8.12.2/CompilerIdCXX/a.out"

Determining if the C compiler works passed with the following output:
Change Dir: /home/june/ClionProjects/interactive_learning_object/tracker/build/CMakeFiles/CMakeTmp

Run Build Command:/usr/bin/make "cmTryCompileExec1471122701/fast"
/usr/bin/make -f CMakeFiles/cmTryCompileExec1471122701.dir/build.make CMakeFiles/cmTryCompileExec1471122701.dir/build
make[1]: Entering directory `/home/june/ClionProjects/interactive_learning_object/tracker/build/CMakeFiles/CMakeTmp'
/usr/bin/cmake -E cmake_progress_report /home/june/ClionProjects/interactive_learning_object/tracker/build/CMakeFiles/CMakeTmp/CMakeFiles 1
Building C object CMakeFiles/cmTryCompileExec1471122701.dir/testCCompiler.c.o
/usr/bin/cc    -o CMakeFiles/cmTryCompileExec1471122701.dir/testCCompiler.c.o   -c /home/june/ClionProjects/interactive_learning_object/tracker/build/CMakeFiles/CMakeTmp/testCCompiler.c
Linking C executable cmTryCompileExec1471122701
/usr/bin/cmake -E cmake_link_script CMakeFiles/cmTryCompileExec1471122701.dir/link.txt --verbose=1
/usr/bin/cc       CMakeFiles/cmTryCompileExec1471122701.dir/testCCompiler.c.o  -o cmTryCompileExec1471122701 -rdynamic 
make[1]: Leaving directory `/home/june/ClionProjects/interactive_learning_object/tracker/build/CMakeFiles/CMakeTmp'


Detecting C compiler ABI info compiled with the following output:
Change Dir: /home/june/ClionProjects/interactive_learning_object/tracker/build/CMakeFiles/CMakeTmp

Run Build Command:/usr/bin/make "cmTryCompileExec1054819569/fast"
/usr/bin/make -f CMakeFiles/cmTryCompileExec1054819569.dir/build.make CMakeFiles/cmTryCompileExec1054819569.dir/build
make[1]: Entering directory `/home/june/ClionProjects/interactive_learning_object/tracker/build/CMakeFiles/CMakeTmp'
/usr/bin/cmake -E cmake_progress_report /home/june/ClionProjects/interactive_learning_object/tracker/build/CMakeFiles/CMakeTmp/CMakeFiles 1
Building C object CMakeFiles/cmTryCompileExec1054819569.dir/CMakeCCompilerABI.c.o
/usr/bin/cc    -o CMakeFiles/cmTryCompileExec1054819569.dir/CMakeCCompilerABI.c.o   -c /usr/share/cmake-2.8/Modules/CMakeCCompilerABI.c
Linking C executable cmTryCompileExec1054819569
/usr/bin/cmake -E cmake_link_script CMakeFiles/cmTryCompileExec1054819569.dir/link.txt --verbose=1
/usr/bin/cc     -v CMakeFiles/cmTryCompileExec1054819569.dir/CMakeCCompilerABI.c.o  -o cmTryCompileExec1054819569 -rdynamic  
Using built-in specs.
COLLECT_GCC=/usr/bin/cc
COLLECT_LTO_WRAPPER=/usr/lib/gcc/x86_64-linux-gnu/4.7/lto-wrapper
Target: x86_64-linux-gnu
Configured with: ../src/configure -v --with-pkgversion='Ubuntu/Linaro 4.7.3-12ubuntu1' --with-bugurl=file:///usr/share/doc/gcc-4.7/README.Bugs --enable-languages=c,c++,go,fortran,objc,obj-c++ --prefix=/usr --program-suffix=-4.7 --enable-shared --enable-linker-build-id --libexecdir=/usr/lib --without-included-gettext --enable-threads=posix --with-gxx-include-dir=/usr/include/c++/4.7 --libdir=/usr/lib --enable-nls --with-sysroot=/ --enable-clocale=gnu --enable-libstdcxx-debug --enable-gnu-unique-object --disable-libmudflap --enable-plugin --with-system-zlib --enable-objc-gc --with-cloog --enable-cloog-backend=ppl --disable-cloog-version-check --disable-ppl-version-check --enable-multiarch --disable-werror --with-arch-32=i686 --with-abi=m64 --with-multilib-list=m32,m64,mx32 --with-tune=generic --enable-checking=release --build=x86_64-linux-gnu --host=x86_64-linux-gnu --target=x86_64-linux-gnu
Thread model: posix
gcc version 4.7.3 (Ubuntu/Linaro 4.7.3-12ubuntu1) 
COMPILER_PATH=/usr/lib/gcc/x86_64-linux-gnu/4.7/:/usr/lib/gcc/x86_64-linux-gnu/4.7/:/usr/lib/gcc/x86_64-linux-gnu/:/usr/lib/gcc/x86_64-linux-gnu/4.7/:/usr/lib/gcc/x86_64-linux-gnu/
LIBRARY_PATH=/usr/lib/gcc/x86_64-linux-gnu/4.7/:/usr/lib/gcc/x86_64-linux-gnu/4.7/../../../x86_64-linux-gnu/:/usr/lib/gcc/x86_64-linux-gnu/4.7/../../../../lib/:/lib/x86_64-linux-gnu/:/lib/../lib/:/usr/lib/x86_64-linux-gnu/:/usr/lib/../lib/:/usr/lib/gcc/x86_64-linux-gnu/4.7/../../../:/lib/:/usr/lib/
COLLECT_GCC_OPTIONS='-v' '-o' 'cmTryCompileExec1054819569' '-rdynamic' '-mtune=generic' '-march=x86-64'
 /usr/lib/gcc/x86_64-linux-gnu/4.7/collect2 --sysroot=/ --build-id --eh-frame-hdr -m elf_x86_64 --hash-style=gnu --as-needed -export-dynamic -dynamic-linker /lib64/ld-linux-x86-64.so.2 -z relro -o cmTryCompileExec1054819569 /usr/lib/gcc/x86_64-linux-gnu/4.7/../../../x86_64-linux-gnu/crt1.o /usr/lib/gcc/x86_64-linux-gnu/4.7/../../../x86_64-linux-gnu/crti.o /usr/lib/gcc/x86_64-linux-gnu/4.7/crtbegin.o -L/usr/lib/gcc/x86_64-linux-gnu/4.7 -L/usr/lib/gcc/x86_64-linux-gnu/4.7/../../../x86_64-linux-gnu -L/usr/lib/gcc/x86_64-linux-gnu/4.7/../../../../lib -L/lib/x86_64-linux-gnu -L/lib/../lib -L/usr/lib/x86_64-linux-gnu -L/usr/lib/../lib -L/usr/lib/gcc/x86_64-linux-gnu/4.7/../../.. CMakeFiles/cmTryCompileExec1054819569.dir/CMakeCCompilerABI.c.o -lgcc --as-needed -lgcc_s --no-as-needed -lc -lgcc --as-needed -lgcc_s --no-as-needed /usr/lib/gcc/x86_64-linux-gnu/4.7/crtend.o /usr/lib/gcc/x86_64-linux-gnu/4.7/../../../x86_64-linux-gnu/crtn.o
make[1]: Leaving directory `/home/june/ClionProjects/interactive_learning_object/tracker/build/CMakeFiles/CMakeTmp'


Parsed C implicit link information from above output:
  link line regex: [^( *|.*[/\])(ld|([^/\]+-)?ld|collect2)[^/\]*( |$)]
  ignore line: [Change Dir: /home/june/ClionProjects/interactive_learning_object/tracker/build/CMakeFiles/CMakeTmp]
  ignore line: []
  ignore line: [Run Build Command:/usr/bin/make "cmTryCompileExec1054819569/fast"]
  ignore line: [/usr/bin/make -f CMakeFiles/cmTryCompileExec1054819569.dir/build.make CMakeFiles/cmTryCompileExec1054819569.dir/build]
  ignore line: [make[1]: Entering directory `/home/june/ClionProjects/interactive_learning_object/tracker/build/CMakeFiles/CMakeTmp']
  ignore line: [/usr/bin/cmake -E cmake_progress_report /home/june/ClionProjects/interactive_learning_object/tracker/build/CMakeFiles/CMakeTmp/CMakeFiles 1]
  ignore line: [Building C object CMakeFiles/cmTryCompileExec1054819569.dir/CMakeCCompilerABI.c.o]
  ignore line: [/usr/bin/cc    -o CMakeFiles/cmTryCompileExec1054819569.dir/CMakeCCompilerABI.c.o   -c /usr/share/cmake-2.8/Modules/CMakeCCompilerABI.c]
  ignore line: [Linking C executable cmTryCompileExec1054819569]
  ignore line: [/usr/bin/cmake -E cmake_link_script CMakeFiles/cmTryCompileExec1054819569.dir/link.txt --verbose=1]
  ignore line: [/usr/bin/cc     -v CMakeFiles/cmTryCompileExec1054819569.dir/CMakeCCompilerABI.c.o  -o cmTryCompileExec1054819569 -rdynamic  ]
  ignore line: [Using built-in specs.]
  ignore line: [COLLECT_GCC=/usr/bin/cc]
  ignore line: [COLLECT_LTO_WRAPPER=/usr/lib/gcc/x86_64-linux-gnu/4.7/lto-wrapper]
  ignore line: [Target: x86_64-linux-gnu]
  ignore line: [Configured with: ../src/configure -v --with-pkgversion='Ubuntu/Linaro 4.7.3-12ubuntu1' --with-bugurl=file:///usr/share/doc/gcc-4.7/README.Bugs --enable-languages=c,c++,go,fortran,objc,obj-c++ --prefix=/usr --program-suffix=-4.7 --enable-shared --enable-linker-build-id --libexecdir=/usr/lib --without-included-gettext --enable-threads=posix --with-gxx-include-dir=/usr/include/c++/4.7 --libdir=/usr/lib --enable-nls --with-sysroot=/ --enable-clocale=gnu --enable-libstdcxx-debug --enable-gnu-unique-object --disable-libmudflap --enable-plugin --with-system-zlib --enable-objc-gc --with-cloog --enable-cloog-backend=ppl --disable-cloog-version-check --disable-ppl-version-check --enable-multiarch --disable-werror --with-arch-32=i686 --with-abi=m64 --with-multilib-list=m32,m64,mx32 --with-tune=generic --enable-checking=release --build=x86_64-linux-gnu --host=x86_64-linux-gnu --target=x86_64-linux-gnu]
  ignore line: [Thread model: posix]
  ignore line: [gcc version 4.7.3 (Ubuntu/Linaro 4.7.3-12ubuntu1) ]
  ignore line: [COMPILER_PATH=/usr/lib/gcc/x86_64-linux-gnu/4.7/:/usr/lib/gcc/x86_64-linux-gnu/4.7/:/usr/lib/gcc/x86_64-linux-gnu/:/usr/lib/gcc/x86_64-linux-gnu/4.7/:/usr/lib/gcc/x86_64-linux-gnu/]
  ignore line: [LIBRARY_PATH=/usr/lib/gcc/x86_64-linux-gnu/4.7/:/usr/lib/gcc/x86_64-linux-gnu/4.7/../../../x86_64-linux-gnu/:/usr/lib/gcc/x86_64-linux-gnu/4.7/../../../../lib/:/lib/x86_64-linux-gnu/:/lib/../lib/:/usr/lib/x86_64-linux-gnu/:/usr/lib/../lib/:/usr/lib/gcc/x86_64-linux-gnu/4.7/../../../:/lib/:/usr/lib/]
  ignore line: [COLLECT_GCC_OPTIONS='-v' '-o' 'cmTryCompileExec1054819569' '-rdynamic' '-mtune=generic' '-march=x86-64']
  link line: [ /usr/lib/gcc/x86_64-linux-gnu/4.7/collect2 --sysroot=/ --build-id --eh-frame-hdr -m elf_x86_64 --hash-style=gnu --as-needed -export-dynamic -dynamic-linker /lib64/ld-linux-x86-64.so.2 -z relro -o cmTryCompileExec1054819569 /usr/lib/gcc/x86_64-linux-gnu/4.7/../../../x86_64-linux-gnu/crt1.o /usr/lib/gcc/x86_64-linux-gnu/4.7/../../../x86_64-linux-gnu/crti.o /usr/lib/gcc/x86_64-linux-gnu/4.7/crtbegin.o -L/usr/lib/gcc/x86_64-linux-gnu/4.7 -L/usr/lib/gcc/x86_64-linux-gnu/4.7/../../../x86_64-linux-gnu -L/usr/lib/gcc/x86_64-linux-gnu/4.7/../../../../lib -L/lib/x86_64-linux-gnu -L/lib/../lib -L/usr/lib/x86_64-linux-gnu -L/usr/lib/../lib -L/usr/lib/gcc/x86_64-linux-gnu/4.7/../../.. CMakeFiles/cmTryCompileExec1054819569.dir/CMakeCCompilerABI.c.o -lgcc --as-needed -lgcc_s --no-as-needed -lc -lgcc --as-needed -lgcc_s --no-as-needed /usr/lib/gcc/x86_64-linux-gnu/4.7/crtend.o /usr/lib/gcc/x86_64-linux-gnu/4.7/../../../x86_64-linux-gnu/crtn.o]
    arg [/usr/lib/gcc/x86_64-linux-gnu/4.7/collect2] ==> ignore
    arg [--sysroot=/] ==> ignore
    arg [--build-id] ==> ignore
    arg [--eh-frame-hdr] ==> ignore
    arg [-m] ==> ignore
    arg [elf_x86_64] ==> ignore
    arg [--hash-style=gnu] ==> ignore
    arg [--as-needed] ==> ignore
    arg [-export-dynamic] ==> ignore
    arg [-dynamic-linker] ==> ignore
    arg [/lib64/ld-linux-x86-64.so.2] ==> ignore
    arg [-zrelro] ==> ignore
    arg [-o] ==> ignore
    arg [cmTryCompileExec1054819569] ==> ignore
    arg [/usr/lib/gcc/x86_64-linux-gnu/4.7/../../../x86_64-linux-gnu/crt1.o] ==> ignore
    arg [/usr/lib/gcc/x86_64-linux-gnu/4.7/../../../x86_64-linux-gnu/crti.o] ==> ignore
    arg [/usr/lib/gcc/x86_64-linux-gnu/4.7/crtbegin.o] ==> ignore
    arg [-L/usr/lib/gcc/x86_64-linux-gnu/4.7] ==> dir [/usr/lib/gcc/x86_64-linux-gnu/4.7]
    arg [-L/usr/lib/gcc/x86_64-linux-gnu/4.7/../../../x86_64-linux-gnu] ==> dir [/usr/lib/gcc/x86_64-linux-gnu/4.7/../../../x86_64-linux-gnu]
    arg [-L/usr/lib/gcc/x86_64-linux-gnu/4.7/../../../../lib] ==> dir [/usr/lib/gcc/x86_64-linux-gnu/4.7/../../../../lib]
    arg [-L/lib/x86_64-linux-gnu] ==> dir [/lib/x86_64-linux-gnu]
    arg [-L/lib/../lib] ==> dir [/lib/../lib]
    arg [-L/usr/lib/x86_64-linux-gnu] ==> dir [/usr/lib/x86_64-linux-gnu]
    arg [-L/usr/lib/../lib] ==> dir [/usr/lib/../lib]
    arg [-L/usr/lib/gcc/x86_64-linux-gnu/4.7/../../..] ==> dir [/usr/lib/gcc/x86_64-linux-gnu/4.7/../../..]
    arg [CMakeFiles/cmTryCompileExec1054819569.dir/CMakeCCompilerABI.c.o] ==> ignore
    arg [-lgcc] ==> lib [gcc]
    arg [--as-needed] ==> ignore
    arg [-lgcc_s] ==> lib [gcc_s]
    arg [--no-as-needed] ==> ignore
    arg [-lc] ==> lib [c]
    arg [-lgcc] ==> lib [gcc]
    arg [--as-needed] ==> ignore
    arg [-lgcc_s] ==> lib [gcc_s]
    arg [--no-as-needed] ==> ignore
    arg [/usr/lib/gcc/x86_64-linux-gnu/4.7/crtend.o] ==> ignore
    arg [/usr/lib/gcc/x86_64-linux-gnu/4.7/../../../x86_64-linux-gnu/crtn.o] ==> ignore
  remove lib [gcc]
  remove lib [gcc_s]
  remove lib [gcc]
  remove lib [gcc_s]
  collapse library dir [/usr/lib/gcc/x86_64-linux-gnu/4.7] ==> [/usr/lib/gcc/x86_64-linux-gnu/4.7]
  collapse library dir [/usr/lib/gcc/x86_64-linux-gnu/4.7/../../../x86_64-linux-gnu] ==> [/usr/lib/x86_64-linux-gnu]
  collapse library dir [/usr/lib/gcc/x86_64-linux-gnu/4.7/../../../../lib] ==> [/usr/lib]
  collapse library dir [/lib/x86_64-linux-gnu] ==> [/lib/x86_64-linux-gnu]
  collapse library dir [/lib/../lib] ==> [/lib]
  collapse library dir [/usr/lib/x86_64-linux-gnu] ==> [/usr/lib/x86_64-linux-gnu]
  collapse library dir [/usr/lib/../lib] ==> [/usr/lib]
  collapse library dir [/usr/lib/gcc/x86_64-linux-gnu/4.7/../../..] ==> [/usr/lib]
  implicit libs: [c]
  implicit dirs: [/usr/lib/gcc/x86_64-linux-gnu/4.7;/usr/lib/x86_64-linux-gnu;/usr/lib;/lib/x86_64-linux-gnu;/lib]
  implicit fwks: []


Determining if the CXX compiler works passed with the following output:
Change Dir: /home/june/ClionProjects/interactive_learning_object/tracker/build/CMakeFiles/CMakeTmp

Run Build Command:/usr/bin/make "cmTryCompileExec3185148402/fast"
/usr/bin/make -f CMakeFiles/cmTryCompileExec3185148402.dir/build.make CMakeFiles/cmTryCompileExec3185148402.dir/build
make[1]: Entering directory `/home/june/ClionProjects/interactive_learning_object/tracker/build/CMakeFiles/CMakeTmp'
/usr/bin/cmake -E cmake_progress_report /home/june/ClionProjects/interactive_learning_object/tracker/build/CMakeFiles/CMakeTmp/CMakeFiles 1
Building CXX object CMakeFiles/cmTryCompileExec3185148402.dir/testCXXCompiler.cxx.o
/usr/bin/c++     -o CMakeFiles/cmTryCompileExec3185148402.dir/testCXXCompiler.cxx.o -c /home/june/ClionProjects/interactive_learning_object/tracker/build/CMakeFiles/CMakeTmp/testCXXCompiler.cxx
Linking CXX executable cmTryCompileExec3185148402
/usr/bin/cmake -E cmake_link_script CMakeFiles/cmTryCompileExec3185148402.dir/link.txt --verbose=1
/usr/bin/c++        CMakeFiles/cmTryCompileExec3185148402.dir/testCXXCompiler.cxx.o  -o cmTryCompileExec3185148402 -rdynamic 
make[1]: Leaving directory `/home/june/ClionProjects/interactive_learning_object/tracker/build/CMakeFiles/CMakeTmp'


Detecting CXX compiler ABI info compiled with the following output:
Change Dir: /home/june/ClionProjects/interactive_learning_object/tracker/build/CMakeFiles/CMakeTmp

Run Build Command:/usr/bin/make "cmTryCompileExec2429394005/fast"
/usr/bin/make -f CMakeFiles/cmTryCompileExec2429394005.dir/build.make CMakeFiles/cmTryCompileExec2429394005.dir/build
make[1]: Entering directory `/home/june/ClionProjects/interactive_learning_object/tracker/build/CMakeFiles/CMakeTmp'
/usr/bin/cmake -E cmake_progress_report /home/june/ClionProjects/interactive_learning_object/tracker/build/CMakeFiles/CMakeTmp/CMakeFiles 1
Building CXX object CMakeFiles/cmTryCompileExec2429394005.dir/CMakeCXXCompilerABI.cpp.o
/usr/bin/c++     -o CMakeFiles/cmTryCompileExec2429394005.dir/CMakeCXXCompilerABI.cpp.o -c /usr/share/cmake-2.8/Modules/CMakeCXXCompilerABI.cpp
Linking CXX executable cmTryCompileExec2429394005
/usr/bin/cmake -E cmake_link_script CMakeFiles/cmTryCompileExec2429394005.dir/link.txt --verbose=1
/usr/bin/c++      -v CMakeFiles/cmTryCompileExec2429394005.dir/CMakeCXXCompilerABI.cpp.o  -o cmTryCompileExec2429394005 -rdynamic  
Using built-in specs.
COLLECT_GCC=/usr/bin/c++
COLLECT_LTO_WRAPPER=/usr/lib/gcc/x86_64-linux-gnu/4.7/lto-wrapper
Target: x86_64-linux-gnu
Configured with: ../src/configure -v --with-pkgversion='Ubuntu/Linaro 4.7.3-12ubuntu1' --with-bugurl=file:///usr/share/doc/gcc-4.7/README.Bugs --enable-languages=c,c++,go,fortran,objc,obj-c++ --prefix=/usr --program-suffix=-4.7 --enable-shared --enable-linker-build-id --libexecdir=/usr/lib --without-included-gettext --enable-threads=posix --with-gxx-include-dir=/usr/include/c++/4.7 --libdir=/usr/lib --enable-nls --with-sysroot=/ --enable-clocale=gnu --enable-libstdcxx-debug --enable-gnu-unique-object --disable-libmudflap --enable-plugin --with-system-zlib --enable-objc-gc --with-cloog --enable-cloog-backend=ppl --disable-cloog-version-check --disable-ppl-version-check --enable-multiarch --disable-werror --with-arch-32=i686 --with-abi=m64 --with-multilib-list=m32,m64,mx32 --with-tune=generic --enable-checking=release --build=x86_64-linux-gnu --host=x86_64-linux-gnu --target=x86_64-linux-gnu
Thread model: posix
gcc version 4.7.3 (Ubuntu/Linaro 4.7.3-12ubuntu1) 
COMPILER_PATH=/usr/lib/gcc/x86_64-linux-gnu/4.7/:/usr/lib/gcc/x86_64-linux-gnu/4.7/:/usr/lib/gcc/x86_64-linux-gnu/:/usr/lib/gcc/x86_64-linux-gnu/4.7/:/usr/lib/gcc/x86_64-linux-gnu/
LIBRARY_PATH=/usr/lib/gcc/x86_64-linux-gnu/4.7/:/usr/lib/gcc/x86_64-linux-gnu/4.7/../../../x86_64-linux-gnu/:/usr/lib/gcc/x86_64-linux-gnu/4.7/../../../../lib/:/lib/x86_64-linux-gnu/:/lib/../lib/:/usr/lib/x86_64-linux-gnu/:/usr/lib/../lib/:/usr/lib/gcc/x86_64-linux-gnu/4.7/../../../:/lib/:/usr/lib/
COLLECT_GCC_OPTIONS='-v' '-o' 'cmTryCompileExec2429394005' '-rdynamic' '-shared-libgcc' '-mtune=generic' '-march=x86-64'
 /usr/lib/gcc/x86_64-linux-gnu/4.7/collect2 --sysroot=/ --build-id --eh-frame-hdr -m elf_x86_64 --hash-style=gnu --as-needed -export-dynamic -dynamic-linker /lib64/ld-linux-x86-64.so.2 -z relro -o cmTryCompileExec2429394005 /usr/lib/gcc/x86_64-linux-gnu/4.7/../../../x86_64-linux-gnu/crt1.o /usr/lib/gcc/x86_64-linux-gnu/4.7/../../../x86_64-linux-gnu/crti.o /usr/lib/gcc/x86_64-linux-gnu/4.7/crtbegin.o -L/usr/lib/gcc/x86_64-linux-gnu/4.7 -L/usr/lib/gcc/x86_64-linux-gnu/4.7/../../../x86_64-linux-gnu -L/usr/lib/gcc/x86_64-linux-gnu/4.7/../../../../lib -L/lib/x86_64-linux-gnu -L/lib/../lib -L/usr/lib/x86_64-linux-gnu -L/usr/lib/../lib -L/usr/lib/gcc/x86_64-linux-gnu/4.7/../../.. CMakeFiles/cmTryCompileExec2429394005.dir/CMakeCXXCompilerABI.cpp.o -lstdc++ -lm -lgcc_s -lgcc -lc -lgcc_s -lgcc /usr/lib/gcc/x86_64-linux-gnu/4.7/crtend.o /usr/lib/gcc/x86_64-linux-gnu/4.7/../../../x86_64-linux-gnu/crtn.o
make[1]: Leaving directory `/home/june/ClionProjects/interactive_learning_object/tracker/build/CMakeFiles/CMakeTmp'


Parsed CXX implicit link information from above output:
  link line regex: [^( *|.*[/\])(ld|([^/\]+-)?ld|collect2)[^/\]*( |$)]
  ignore line: [Change Dir: /home/june/ClionProjects/interactive_learning_object/tracker/build/CMakeFiles/CMakeTmp]
  ignore line: []
  ignore line: [Run Build Command:/usr/bin/make "cmTryCompileExec2429394005/fast"]
  ignore line: [/usr/bin/make -f CMakeFiles/cmTryCompileExec2429394005.dir/build.make CMakeFiles/cmTryCompileExec2429394005.dir/build]
  ignore line: [make[1]: Entering directory `/home/june/ClionProjects/interactive_learning_object/tracker/build/CMakeFiles/CMakeTmp']
  ignore line: [/usr/bin/cmake -E cmake_progress_report /home/june/ClionProjects/interactive_learning_object/tracker/build/CMakeFiles/CMakeTmp/CMakeFiles 1]
  ignore line: [Building CXX object CMakeFiles/cmTryCompileExec2429394005.dir/CMakeCXXCompilerABI.cpp.o]
  ignore line: [/usr/bin/c++     -o CMakeFiles/cmTryCompileExec2429394005.dir/CMakeCXXCompilerABI.cpp.o -c /usr/share/cmake-2.8/Modules/CMakeCXXCompilerABI.cpp]
  ignore line: [Linking CXX executable cmTryCompileExec2429394005]
  ignore line: [/usr/bin/cmake -E cmake_link_script CMakeFiles/cmTryCompileExec2429394005.dir/link.txt --verbose=1]
  ignore line: [/usr/bin/c++      -v CMakeFiles/cmTryCompileExec2429394005.dir/CMakeCXXCompilerABI.cpp.o  -o cmTryCompileExec2429394005 -rdynamic  ]
  ignore line: [Using built-in specs.]
  ignore line: [COLLECT_GCC=/usr/bin/c++]
  ignore line: [COLLECT_LTO_WRAPPER=/usr/lib/gcc/x86_64-linux-gnu/4.7/lto-wrapper]
  ignore line: [Target: x86_64-linux-gnu]
  ignore line: [Configured with: ../src/configure -v --with-pkgversion='Ubuntu/Linaro 4.7.3-12ubuntu1' --with-bugurl=file:///usr/share/doc/gcc-4.7/README.Bugs --enable-languages=c,c++,go,fortran,objc,obj-c++ --prefix=/usr --program-suffix=-4.7 --enable-shared --enable-linker-build-id --libexecdir=/usr/lib --without-included-gettext --enable-threads=posix --with-gxx-include-dir=/usr/include/c++/4.7 --libdir=/usr/lib --enable-nls --with-sysroot=/ --enable-clocale=gnu --enable-libstdcxx-debug --enable-gnu-unique-object --disable-libmudflap --enable-plugin --with-system-zlib --enable-objc-gc --with-cloog --enable-cloog-backend=ppl --disable-cloog-version-check --disable-ppl-version-check --enable-multiarch --disable-werror --with-arch-32=i686 --with-abi=m64 --with-multilib-list=m32,m64,mx32 --with-tune=generic --enable-checking=release --build=x86_64-linux-gnu --host=x86_64-linux-gnu --target=x86_64-linux-gnu]
  ignore line: [Thread model: posix]
  ignore line: [gcc version 4.7.3 (Ubuntu/Linaro 4.7.3-12ubuntu1) ]
  ignore line: [COMPILER_PATH=/usr/lib/gcc/x86_64-linux-gnu/4.7/:/usr/lib/gcc/x86_64-linux-gnu/4.7/:/usr/lib/gcc/x86_64-linux-gnu/:/usr/lib/gcc/x86_64-linux-gnu/4.7/:/usr/lib/gcc/x86_64-linux-gnu/]
  ignore line: [LIBRARY_PATH=/usr/lib/gcc/x86_64-linux-gnu/4.7/:/usr/lib/gcc/x86_64-linux-gnu/4.7/../../../x86_64-linux-gnu/:/usr/lib/gcc/x86_64-linux-gnu/4.7/../../../../lib/:/lib/x86_64-linux-gnu/:/lib/../lib/:/usr/lib/x86_64-linux-gnu/:/usr/lib/../lib/:/usr/lib/gcc/x86_64-linux-gnu/4.7/../../../:/lib/:/usr/lib/]
  ignore line: [COLLECT_GCC_OPTIONS='-v' '-o' 'cmTryCompileExec2429394005' '-rdynamic' '-shared-libgcc' '-mtune=generic' '-march=x86-64']
  link line: [ /usr/lib/gcc/x86_64-linux-gnu/4.7/collect2 --sysroot=/ --build-id --eh-frame-hdr -m elf_x86_64 --hash-style=gnu --as-needed -export-dynamic -dynamic-linker /lib64/ld-linux-x86-64.so.2 -z relro -o cmTryCompileExec2429394005 /usr/lib/gcc/x86_64-linux-gnu/4.7/../../../x86_64-linux-gnu/crt1.o /usr/lib/gcc/x86_64-linux-gnu/4.7/../../../x86_64-linux-gnu/crti.o /usr/lib/gcc/x86_64-linux-gnu/4.7/crtbegin.o -L/usr/lib/gcc/x86_64-linux-gnu/4.7 -L/usr/lib/gcc/x86_64-linux-gnu/4.7/../../../x86_64-linux-gnu -L/usr/lib/gcc/x86_64-linux-gnu/4.7/../../../../lib -L/lib/x86_64-linux-gnu -L/lib/../lib -L/usr/lib/x86_64-linux-gnu -L/usr/lib/../lib -L/usr/lib/gcc/x86_64-linux-gnu/4.7/../../.. CMakeFiles/cmTryCompileExec2429394005.dir/CMakeCXXCompilerABI.cpp.o -lstdc++ -lm -lgcc_s -lgcc -lc -lgcc_s -lgcc /usr/lib/gcc/x86_64-linux-gnu/4.7/crtend.o /usr/lib/gcc/x86_64-linux-gnu/4.7/../../../x86_64-linux-gnu/crtn.o]
    arg [/usr/lib/gcc/x86_64-linux-gnu/4.7/collect2] ==> ignore
    arg [--sysroot=/] ==> ignore
    arg [--build-id] ==> ignore
    arg [--eh-frame-hdr] ==> ignore
    arg [-m] ==> ignore
    arg [elf_x86_64] ==> ignore
    arg [--hash-style=gnu] ==> ignore
    arg [--as-needed] ==> ignore
    arg [-export-dynamic] ==> ignore
    arg [-dynamic-linker] ==> ignore
    arg [/lib64/ld-linux-x86-64.so.2] ==> ignore
    arg [-zrelro] ==> ignore
    arg [-o] ==> ignore
    arg [cmTryCompileExec2429394005] ==> ignore
    arg [/usr/lib/gcc/x86_64-linux-gnu/4.7/../../../x86_64-linux-gnu/crt1.o] ==> ignore
    arg [/usr/lib/gcc/x86_64-linux-gnu/4.7/../../../x86_64-linux-gnu/crti.o] ==> ignore
    arg [/usr/lib/gcc/x86_64-linux-gnu/4.7/crtbegin.o] ==> ignore
    arg [-L/usr/lib/gcc/x86_64-linux-gnu/4.7] ==> dir [/usr/lib/gcc/x86_64-linux-gnu/4.7]
    arg [-L/usr/lib/gcc/x86_64-linux-gnu/4.7/../../../x86_64-linux-gnu] ==> dir [/usr/lib/gcc/x86_64-linux-gnu/4.7/../../../x86_64-linux-gnu]
    arg [-L/usr/lib/gcc/x86_64-linux-gnu/4.7/../../../../lib] ==> dir [/usr/lib/gcc/x86_64-linux-gnu/4.7/../../../../lib]
    arg [-L/lib/x86_64-linux-gnu] ==> dir [/lib/x86_64-linux-gnu]
    arg [-L/lib/../lib] ==> dir [/lib/../lib]
    arg [-L/usr/lib/x86_64-linux-gnu] ==> dir [/usr/lib/x86_64-linux-gnu]
    arg [-L/usr/lib/../lib] ==> dir [/usr/lib/../lib]
    arg [-L/usr/lib/gcc/x86_64-linux-gnu/4.7/../../..] ==> dir [/usr/lib/gcc/x86_64-linux-gnu/4.7/../../..]
    arg [CMakeFiles/cmTryCompileExec2429394005.dir/CMakeCXXCompilerABI.cpp.o] ==> ignore
    arg [-lstdc++] ==> lib [stdc++]
    arg [-lm] ==> lib [m]
    arg [-lgcc_s] ==> lib [gcc_s]
    arg [-lgcc] ==> lib [gcc]
    arg [-lc] ==> lib [c]
    arg [-lgcc_s] ==> lib [gcc_s]
    arg [-lgcc] ==> lib [gcc]
    arg [/usr/lib/gcc/x86_64-linux-gnu/4.7/crtend.o] ==> ignore
    arg [/usr/lib/gcc/x86_64-linux-gnu/4.7/../../../x86_64-linux-gnu/crtn.o] ==> ignore
  remove lib [gcc_s]
  remove lib [gcc]
  remove lib [gcc_s]
  remove lib [gcc]
  collapse library dir [/usr/lib/gcc/x86_64-linux-gnu/4.7] ==> [/usr/lib/gcc/x86_64-linux-gnu/4.7]
  collapse library dir [/usr/lib/gcc/x86_64-linux-gnu/4.7/../../../x86_64-linux-gnu] ==> [/usr/lib/x86_64-linux-gnu]
  collapse library dir [/usr/lib/gcc/x86_64-linux-gnu/4.7/../../../../lib] ==> [/usr/lib]
  collapse library dir [/lib/x86_64-linux-gnu] ==> [/lib/x86_64-linux-gnu]
  collapse library dir [/lib/../lib] ==> [/lib]
  collapse library dir [/usr/lib/x86_64-linux-gnu] ==> [/usr/lib/x86_64-linux-gnu]
  collapse library dir [/usr/lib/../lib] ==> [/usr/lib]
  collapse library dir [/usr/lib/gcc/x86_64-linux-gnu/4.7/../../..] ==> [/usr/lib]
  implicit libs: [stdc++;m;c]
  implicit dirs: [/usr/lib/gcc/x86_64-linux-gnu/4.7;/usr/lib/x86_64-linux-gnu;/usr/lib;/lib/x86_64-linux-gnu;/lib]
  implicit fwks: []


Determining if the function XOpenDisplay exists in the /usr/lib/x86_64-linux-gnu/libX11.so;/usr/lib/x86_64-linux-gnu/libXext.so passed with the following output:
Change Dir: /home/june/ClionProjects/interactive_learning_object/tracker/build/CMakeFiles/CMakeTmp

Run Build Command:/usr/bin/make "cmTryCompileExec927632030/fast"
/usr/bin/make -f CMakeFiles/cmTryCompileExec927632030.dir/build.make CMakeFiles/cmTryCompileExec927632030.dir/build
make[1]: Entering directory `/home/june/ClionProjects/interactive_learning_object/tracker/build/CMakeFiles/CMakeTmp'
/usr/bin/cmake -E cmake_progress_report /home/june/ClionProjects/interactive_learning_object/tracker/build/CMakeFiles/CMakeTmp/CMakeFiles 1
Building C object CMakeFiles/cmTryCompileExec927632030.dir/CheckFunctionExists.c.o
/usr/bin/cc   -DCHECK_FUNCTION_EXISTS=XOpenDisplay   -o CMakeFiles/cmTryCompileExec927632030.dir/CheckFunctionExists.c.o   -c /usr/share/cmake-2.8/Modules/CheckFunctionExists.c
Linking C executable cmTryCompileExec927632030
/usr/bin/cmake -E cmake_link_script CMakeFiles/cmTryCompileExec927632030.dir/link.txt --verbose=1
/usr/bin/cc   -DCHECK_FUNCTION_EXISTS=XOpenDisplay    CMakeFiles/cmTryCompileExec927632030.dir/CheckFunctionExists.c.o  -o cmTryCompileExec927632030 -rdynamic -lX11 -lXext 
make[1]: Leaving directory `/home/june/ClionProjects/interactive_learning_object/tracker/build/CMakeFiles/CMakeTmp'


Determining if the function gethostbyname exists passed with the following output:
Change Dir: /home/june/ClionProjects/interactive_learning_object/tracker/build/CMakeFiles/CMakeTmp

Run Build Command:/usr/bin/make "cmTryCompileExec2599472010/fast"
/usr/bin/make -f CMakeFiles/cmTryCompileExec2599472010.dir/build.make CMakeFiles/cmTryCompileExec2599472010.dir/build
make[1]: Entering directory `/home/june/ClionProjects/interactive_learning_object/tracker/build/CMakeFiles/CMakeTmp'
/usr/bin/cmake -E cmake_progress_report /home/june/ClionProjects/interactive_learning_object/tracker/build/CMakeFiles/CMakeTmp/CMakeFiles 1
Building C object CMakeFiles/cmTryCompileExec2599472010.dir/CheckFunctionExists.c.o
/usr/bin/cc   -DCHECK_FUNCTION_EXISTS=gethostbyname   -o CMakeFiles/cmTryCompileExec2599472010.dir/CheckFunctionExists.c.o   -c /usr/share/cmake-2.8/Modules/CheckFunctionExists.c
Linking C executable cmTryCompileExec2599472010
/usr/bin/cmake -E cmake_link_script CMakeFiles/cmTryCompileExec2599472010.dir/link.txt --verbose=1
/usr/bin/cc   -DCHECK_FUNCTION_EXISTS=gethostbyname    CMakeFiles/cmTryCompileExec2599472010.dir/CheckFunctionExists.c.o  -o cmTryCompileExec2599472010 -rdynamic 
make[1]: Leaving directory `/home/june/ClionProjects/interactive_learning_object/tracker/build/CMakeFiles/CMakeTmp'


Determining if the function connect exists passed with the following output:
Change Dir: /home/june/ClionProjects/interactive_learning_object/tracker/build/CMakeFiles/CMakeTmp

Run Build Command:/usr/bin/make "cmTryCompileExec931707612/fast"
/usr/bin/make -f CMakeFiles/cmTryCompileExec931707612.dir/build.make CMakeFiles/cmTryCompileExec931707612.dir/build
make[1]: Entering directory `/home/june/ClionProjects/interactive_learning_object/tracker/build/CMakeFiles/CMakeTmp'
/usr/bin/cmake -E cmake_progress_report /home/june/ClionProjects/interactive_learning_object/tracker/build/CMakeFiles/CMakeTmp/CMakeFiles 1
Building C object CMakeFiles/cmTryCompileExec931707612.dir/CheckFunctionExists.c.o
/usr/bin/cc   -DCHECK_FUNCTION_EXISTS=connect   -o CMakeFiles/cmTryCompileExec931707612.dir/CheckFunctionExists.c.o   -c /usr/share/cmake-2.8/Modules/CheckFunctionExists.c
Linking C executable cmTryCompileExec931707612
/usr/bin/cmake -E cmake_link_script CMakeFiles/cmTryCompileExec931707612.dir/link.txt --verbose=1
/usr/bin/cc   -DCHECK_FUNCTION_EXISTS=connect    CMakeFiles/cmTryCompileExec931707612.dir/CheckFunctionExists.c.o  -o cmTryCompileExec931707612 -rdynamic 
make[1]: Leaving directory `/home/june/ClionProjects/interactive_learning_object/tracker/build/CMakeFiles/CMakeTmp'


Determining if the function remove exists passed with the following output:
Change Dir: /home/june/ClionProjects/interactive_learning_object/tracker/build/CMakeFiles/CMakeTmp

Run Build Command:/usr/bin/make "cmTryCompileExec622764412/fast"
/usr/bin/make -f CMakeFiles/cmTryCompileExec622764412.dir/build.make CMakeFiles/cmTryCompileExec622764412.dir/build
make[1]: Entering directory `/home/june/ClionProjects/interactive_learning_object/tracker/build/CMakeFiles/CMakeTmp'
/usr/bin/cmake -E cmake_progress_report /home/june/ClionProjects/interactive_learning_object/tracker/build/CMakeFiles/CMakeTmp/CMakeFiles 1
Building C object CMakeFiles/cmTryCompileExec622764412.dir/CheckFunctionExists.c.o
/usr/bin/cc   -DCHECK_FUNCTION_EXISTS=remove   -o CMakeFiles/cmTryCompileExec622764412.dir/CheckFunctionExists.c.o   -c /usr/share/cmake-2.8/Modules/CheckFunctionExists.c
Linking C executable cmTryCompileExec622764412
/usr/bin/cmake -E cmake_link_script CMakeFiles/cmTryCompileExec622764412.dir/link.txt --verbose=1
/usr/bin/cc   -DCHECK_FUNCTION_EXISTS=remove    CMakeFiles/cmTryCompileExec622764412.dir/CheckFunctionExists.c.o  -o cmTryCompileExec622764412 -rdynamic 
make[1]: Leaving directory `/home/june/ClionProjects/interactive_learning_object/tracker/build/CMakeFiles/CMakeTmp'


Determining if the function shmat exists passed with the following output:
Change Dir: /home/june/ClionProjects/interactive_learning_object/tracker/build/CMakeFiles/CMakeTmp

Run Build Command:/usr/bin/make "cmTryCompileExec3076505983/fast"
/usr/bin/make -f CMakeFiles/cmTryCompileExec3076505983.dir/build.make CMakeFiles/cmTryCompileExec3076505983.dir/build
make[1]: Entering directory `/home/june/ClionProjects/interactive_learning_object/tracker/build/CMakeFiles/CMakeTmp'
/usr/bin/cmake -E cmake_progress_report /home/june/ClionProjects/interactive_learning_object/tracker/build/CMakeFiles/CMakeTmp/CMakeFiles 1
Building C object CMakeFiles/cmTryCompileExec3076505983.dir/CheckFunctionExists.c.o
/usr/bin/cc   -DCHECK_FUNCTION_EXISTS=shmat   -o CMakeFiles/cmTryCompileExec3076505983.dir/CheckFunctionExists.c.o   -c /usr/share/cmake-2.8/Modules/CheckFunctionExists.c
Linking C executable cmTryCompileExec3076505983
/usr/bin/cmake -E cmake_link_script CMakeFiles/cmTryCompileExec3076505983.dir/link.txt --verbose=1
/usr/bin/cc   -DCHECK_FUNCTION_EXISTS=shmat    CMakeFiles/cmTryCompileExec3076505983.dir/CheckFunctionExists.c.o  -o cmTryCompileExec3076505983 -rdynamic 
make[1]: Leaving directory `/home/june/ClionProjects/interactive_learning_object/tracker/build/CMakeFiles/CMakeTmp'


Determining if the function IceConnectionNumber exists in the ICE passed with the following output:
Change Dir: /home/june/ClionProjects/interactive_learning_object/tracker/build/CMakeFiles/CMakeTmp

Run Build Command:/usr/bin/make "cmTryCompileExec4154935115/fast"
/usr/bin/make -f CMakeFiles/cmTryCompileExec4154935115.dir/build.make CMakeFiles/cmTryCompileExec4154935115.dir/build
make[1]: Entering directory `/home/june/ClionProjects/interactive_learning_object/tracker/build/CMakeFiles/CMakeTmp'
/usr/bin/cmake -E cmake_progress_report /home/june/ClionProjects/interactive_learning_object/tracker/build/CMakeFiles/CMakeTmp/CMakeFiles 1
Building C object CMakeFiles/cmTryCompileExec4154935115.dir/CheckFunctionExists.c.o
/usr/bin/cc   -DCHECK_FUNCTION_EXISTS=IceConnectionNumber   -o CMakeFiles/cmTryCompileExec4154935115.dir/CheckFunctionExists.c.o   -c /usr/share/cmake-2.8/Modules/CheckFunctionExists.c
Linking C executable cmTryCompileExec4154935115
/usr/bin/cmake -E cmake_link_script CMakeFiles/cmTryCompileExec4154935115.dir/link.txt --verbose=1
/usr/bin/cc   -DCHECK_FUNCTION_EXISTS=IceConnectionNumber    CMakeFiles/cmTryCompileExec4154935115.dir/CheckFunctionExists.c.o  -o cmTryCompileExec4154935115 -rdynamic -lICE 
make[1]: Leaving directory `/home/june/ClionProjects/interactive_learning_object/tracker/build/CMakeFiles/CMakeTmp'


Determining if the function png_create_read_struct exists passed with the following output:
Change Dir: /home/june/ClionProjects/interactive_learning_object/tracker/build/CMakeFiles/CMakeTmp

Run Build Command:/usr/bin/make "cmTryCompileExec4023986055/fast"
/usr/bin/make -f CMakeFiles/cmTryCompileExec4023986055.dir/build.make CMakeFiles/cmTryCompileExec4023986055.dir/build
make[1]: Entering directory `/home/june/ClionProjects/interactive_learning_object/tracker/build/CMakeFiles/CMakeTmp'
/usr/bin/cmake -E cmake_progress_report /home/june/ClionProjects/interactive_learning_object/tracker/build/CMakeFiles/CMakeTmp/CMakeFiles 1
Building C object CMakeFiles/cmTryCompileExec4023986055.dir/CheckFunctionExists.c.o
/usr/bin/cc   -DCHECK_FUNCTION_EXISTS=png_create_read_struct   -o CMakeFiles/cmTryCompileExec4023986055.dir/CheckFunctionExists.c.o   -c /usr/share/cmake-2.8/Modules/CheckFunctionExists.c
Linking C executable cmTryCompileExec4023986055
/usr/bin/cmake -E cmake_link_script CMakeFiles/cmTryCompileExec4023986055.dir/link.txt --verbose=1
/usr/bin/cc   -DCHECK_FUNCTION_EXISTS=png_create_read_struct    CMakeFiles/cmTryCompileExec4023986055.dir/CheckFunctionExists.c.o  -o cmTryCompileExec4023986055 -rdynamic -lpng 
make[1]: Leaving directory `/home/june/ClionProjects/interactive_learning_object/tracker/build/CMakeFiles/CMakeTmp'


Determining if the function jpeg_read_header exists passed with the following output:
Change Dir: /home/june/ClionProjects/interactive_learning_object/tracker/build/CMakeFiles/CMakeTmp

Run Build Command:/usr/bin/make "cmTryCompileExec2768289512/fast"
/usr/bin/make -f CMakeFiles/cmTryCompileExec2768289512.dir/build.make CMakeFiles/cmTryCompileExec2768289512.dir/build
make[1]: Entering directory `/home/june/ClionProjects/interactive_learning_object/tracker/build/CMakeFiles/CMakeTmp'
/usr/bin/cmake -E cmake_progress_report /home/june/ClionProjects/interactive_learning_object/tracker/build/CMakeFiles/CMakeTmp/CMakeFiles 1
Building C object CMakeFiles/cmTryCompileExec2768289512.dir/CheckFunctionExists.c.o
/usr/bin/cc   -DCHECK_FUNCTION_EXISTS=jpeg_read_header   -o CMakeFiles/cmTryCompileExec2768289512.dir/CheckFunctionExists.c.o   -c /usr/share/cmake-2.8/Modules/CheckFunctionExists.c
Linking C executable cmTryCompileExec2768289512
/usr/bin/cmake -E cmake_link_script CMakeFiles/cmTryCompileExec2768289512.dir/link.txt --verbose=1
/usr/bin/cc   -DCHECK_FUNCTION_EXISTS=jpeg_read_header    CMakeFiles/cmTryCompileExec2768289512.dir/CheckFunctionExists.c.o  -o cmTryCompileExec2768289512 -rdynamic -ljpeg 
make[1]: Leaving directory `/home/june/ClionProjects/interactive_learning_object/tracker/build/CMakeFiles/CMakeTmp'


Determining if the include file sys/types.h exists passed with the following output:
Change Dir: /home/june/ClionProjects/interactive_learning_object/tracker/build/CMakeFiles/CMakeTmp

Run Build Command:/usr/bin/make "cmTryCompileExec4124017131/fast"
/usr/bin/make -f CMakeFiles/cmTryCompileExec4124017131.dir/build.make CMakeFiles/cmTryCompileExec4124017131.dir/build
make[1]: Entering directory `/home/june/ClionProjects/interactive_learning_object/tracker/build/CMakeFiles/CMakeTmp'
/usr/bin/cmake -E cmake_progress_report /home/june/ClionProjects/interactive_learning_object/tracker/build/CMakeFiles/CMakeTmp/CMakeFiles 1
Building C object CMakeFiles/cmTryCompileExec4124017131.dir/CheckIncludeFile.c.o
/usr/bin/cc    -o CMakeFiles/cmTryCompileExec4124017131.dir/CheckIncludeFile.c.o   -c /home/june/ClionProjects/interactive_learning_object/tracker/build/CMakeFiles/CMakeTmp/CheckIncludeFile.c
Linking C executable cmTryCompileExec4124017131
/usr/bin/cmake -E cmake_link_script CMakeFiles/cmTryCompileExec4124017131.dir/link.txt --verbose=1
/usr/bin/cc       CMakeFiles/cmTryCompileExec4124017131.dir/CheckIncludeFile.c.o  -o cmTryCompileExec4124017131 -rdynamic 
make[1]: Leaving directory `/home/june/ClionProjects/interactive_learning_object/tracker/build/CMakeFiles/CMakeTmp'


Determining if the include file stdint.h exists passed with the following output:
Change Dir: /home/june/ClionProjects/interactive_learning_object/tracker/build/CMakeFiles/CMakeTmp

Run Build Command:/usr/bin/make "cmTryCompileExec673509600/fast"
/usr/bin/make -f CMakeFiles/cmTryCompileExec673509600.dir/build.make CMakeFiles/cmTryCompileExec673509600.dir/build
make[1]: Entering directory `/home/june/ClionProjects/interactive_learning_object/tracker/build/CMakeFiles/CMakeTmp'
/usr/bin/cmake -E cmake_progress_report /home/june/ClionProjects/interactive_learning_object/tracker/build/CMakeFiles/CMakeTmp/CMakeFiles 1
Building C object CMakeFiles/cmTryCompileExec673509600.dir/CheckIncludeFile.c.o
/usr/bin/cc    -o CMakeFiles/cmTryCompileExec673509600.dir/CheckIncludeFile.c.o   -c /home/june/ClionProjects/interactive_learning_object/tracker/build/CMakeFiles/CMakeTmp/CheckIncludeFile.c
Linking C executable cmTryCompileExec673509600
/usr/bin/cmake -E cmake_link_script CMakeFiles/cmTryCompileExec673509600.dir/link.txt --verbose=1
/usr/bin/cc       CMakeFiles/cmTryCompileExec673509600.dir/CheckIncludeFile.c.o  -o cmTryCompileExec673509600 -rdynamic 
make[1]: Leaving directory `/home/june/ClionProjects/interactive_learning_object/tracker/build/CMakeFiles/CMakeTmp'


Determining if the include file stddef.h exists passed with the following output:
Change Dir: /home/june/ClionProjects/interactive_learning_object/tracker/build/CMakeFiles/CMakeTmp

Run Build Command:/usr/bin/make "cmTryCompileExec4236166708/fast"
/usr/bin/make -f CMakeFiles/cmTryCompileExec4236166708.dir/build.make CMakeFiles/cmTryCompileExec4236166708.dir/build
make[1]: Entering directory `/home/june/ClionProjects/interactive_learning_object/tracker/build/CMakeFiles/CMakeTmp'
/usr/bin/cmake -E cmake_progress_report /home/june/ClionProjects/interactive_learning_object/tracker/build/CMakeFiles/CMakeTmp/CMakeFiles 1
Building C object CMakeFiles/cmTryCompileExec4236166708.dir/CheckIncludeFile.c.o
/usr/bin/cc    -o CMakeFiles/cmTryCompileExec4236166708.dir/CheckIncludeFile.c.o   -c /home/june/ClionProjects/interactive_learning_object/tracker/build/CMakeFiles/CMakeTmp/CheckIncludeFile.c
Linking C executable cmTryCompileExec4236166708
/usr/bin/cmake -E cmake_link_script CMakeFiles/cmTryCompileExec4236166708.dir/link.txt --verbose=1
/usr/bin/cc       CMakeFiles/cmTryCompileExec4236166708.dir/CheckIncludeFile.c.o  -o cmTryCompileExec4236166708 -rdynamic 
make[1]: Leaving directory `/home/june/ClionProjects/interactive_learning_object/tracker/build/CMakeFiles/CMakeTmp'


Determining size of void* passed with the following output:
Change Dir: /home/june/ClionProjects/interactive_learning_object/tracker/build/CMakeFiles/CMakeTmp

Run Build Command:/usr/bin/make "cmTryCompileExec213116518/fast"
/usr/bin/make -f CMakeFiles/cmTryCompileExec213116518.dir/build.make CMakeFiles/cmTryCompileExec213116518.dir/build
make[1]: Entering directory `/home/june/ClionProjects/interactive_learning_object/tracker/build/CMakeFiles/CMakeTmp'
/usr/bin/cmake -E cmake_progress_report /home/june/ClionProjects/interactive_learning_object/tracker/build/CMakeFiles/CMakeTmp/CMakeFiles 1
Building C object CMakeFiles/cmTryCompileExec213116518.dir/SIZE_OF_VOID_PTR.c.o
/usr/bin/cc    -o CMakeFiles/cmTryCompileExec213116518.dir/SIZE_OF_VOID_PTR.c.o   -c /home/june/ClionProjects/interactive_learning_object/tracker/build/CMakeFiles/CheckTypeSize/SIZE_OF_VOID_PTR.c
Linking C executable cmTryCompileExec213116518
/usr/bin/cmake -E cmake_link_script CMakeFiles/cmTryCompileExec213116518.dir/link.txt --verbose=1
/usr/bin/cc       CMakeFiles/cmTryCompileExec213116518.dir/SIZE_OF_VOID_PTR.c.o  -o cmTryCompileExec213116518 -rdynamic -ljpeg 
make[1]: Leaving directory `/home/june/ClionProjects/interactive_learning_object/tracker/build/CMakeFiles/CMakeTmp'


Determining if the function cblas_ddot exists passed with the following output:
Change Dir: /home/june/ClionProjects/interactive_learning_object/tracker/build/CMakeFiles/CMakeTmp

Run Build Command:/usr/bin/make "cmTryCompileExec4246760451/fast"
/usr/bin/make -f CMakeFiles/cmTryCompileExec4246760451.dir/build.make CMakeFiles/cmTryCompileExec4246760451.dir/build
make[1]: Entering directory `/home/june/ClionProjects/interactive_learning_object/tracker/build/CMakeFiles/CMakeTmp'
/usr/bin/cmake -E cmake_progress_report /home/june/ClionProjects/interactive_learning_object/tracker/build/CMakeFiles/CMakeTmp/CMakeFiles 1
Building C object CMakeFiles/cmTryCompileExec4246760451.dir/CheckFunctionExists.c.o
/usr/bin/cc   -DCHECK_FUNCTION_EXISTS=cblas_ddot   -o CMakeFiles/cmTryCompileExec4246760451.dir/CheckFunctionExists.c.o   -c /usr/share/cmake-2.8/Modules/CheckFunctionExists.c
Linking C executable cmTryCompileExec4246760451
/usr/bin/cmake -E cmake_link_script CMakeFiles/cmTryCompileExec4246760451.dir/link.txt --verbose=1
/usr/bin/cc   -DCHECK_FUNCTION_EXISTS=cblas_ddot    CMakeFiles/cmTryCompileExec4246760451.dir/CheckFunctionExists.c.o  -o cmTryCompileExec4246760451 -rdynamic -lopenblas 
make[1]: Leaving directory `/home/june/ClionProjects/interactive_learning_object/tracker/build/CMakeFiles/CMakeTmp'


Determining if the CXX compiler has std namespace passed with the following output:
Change Dir: /home/june/ClionProjects/interactive_learning_object/tracker/build/CMakeFiles/CMakeTmp

Run Build Command:/usr/bin/make "cmTryCompileExec3660146105/fast"
/usr/bin/make -f CMakeFiles/cmTryCompileExec3660146105.dir/build.make CMakeFiles/cmTryCompileExec3660146105.dir/build
make[1]: Entering directory `/home/june/ClionProjects/interactive_learning_object/tracker/build/CMakeFiles/CMakeTmp'
/usr/bin/cmake -E cmake_progress_report /home/june/ClionProjects/interactive_learning_object/tracker/build/CMakeFiles/CMakeTmp/CMakeFiles 1
Building CXX object CMakeFiles/cmTryCompileExec3660146105.dir/TestForSTDNamespace.cxx.o
/usr/bin/c++    -std=gnu++0x -Wreturn-type    -o CMakeFiles/cmTryCompileExec3660146105.dir/TestForSTDNamespace.cxx.o -c /usr/share/cmake-2.8/Modules/TestForSTDNamespace.cxx
Linking CXX executable cmTryCompileExec3660146105
/usr/bin/cmake -E cmake_link_script CMakeFiles/cmTryCompileExec3660146105.dir/link.txt --verbose=1
/usr/bin/c++    -std=gnu++0x -Wreturn-type     CMakeFiles/cmTryCompileExec3660146105.dir/TestForSTDNamespace.cxx.o  -o cmTryCompileExec3660146105 -rdynamic 
make[1]: Leaving directory `/home/june/ClionProjects/interactive_learning_object/tracker/build/CMakeFiles/CMakeTmp'


Determining if the include file iostream exists passed with the following output:
Change Dir: /home/june/ClionProjects/interactive_learning_object/tracker/build/CMakeFiles/CMakeTmp

Run Build Command:/usr/bin/make "cmTryCompileExec400437832/fast"
/usr/bin/make -f CMakeFiles/cmTryCompileExec400437832.dir/build.make CMakeFiles/cmTryCompileExec400437832.dir/build
make[1]: Entering directory `/home/june/ClionProjects/interactive_learning_object/tracker/build/CMakeFiles/CMakeTmp'
/usr/bin/cmake -E cmake_progress_report /home/june/ClionProjects/interactive_learning_object/tracker/build/CMakeFiles/CMakeTmp/CMakeFiles 1
Building CXX object CMakeFiles/cmTryCompileExec400437832.dir/CheckIncludeFile.cxx.o
/usr/bin/c++    -std=gnu++0x -Wreturn-type    -o CMakeFiles/cmTryCompileExec400437832.dir/CheckIncludeFile.cxx.o -c /home/june/ClionProjects/interactive_learning_object/tracker/build/CMakeFiles/CMakeTmp/CheckIncludeFile.cxx
Linking CXX executable cmTryCompileExec400437832
/usr/bin/cmake -E cmake_link_script CMakeFiles/cmTryCompileExec400437832.dir/link.txt --verbose=1
/usr/bin/c++    -std=gnu++0x -Wreturn-type     CMakeFiles/cmTryCompileExec400437832.dir/CheckIncludeFile.cxx.o  -o cmTryCompileExec400437832 -rdynamic 
make[1]: Leaving directory `/home/june/ClionProjects/interactive_learning_object/tracker/build/CMakeFiles/CMakeTmp'


